# JRE version: Java(TM) SE Runtime Environment (17.0.7+8) (build 17.0.7+8-LTS-224)
# Java VM: Java HotSpot(TM) 64-Bit Server VM (17.0.7+8-LTS-224, mixed mode, emulated-client, sharing, tiered, compressed oops, compressed class ptrs, g1 gc, windows-amd64)
GC Precious Log:
 CPUs: 16 total, 16 available
 Memory: 16335M
 Large Page Support: Disabled
 NUMA Support: Disabled
 Compressed Oops: Enabled (Zero based)
 Heap Region Size: 2M
 Heap Min Capacity: 8M
 Heap Initial Capacity: 256M
 Heap Max Capacity: 4084M
 Pre-touch: Disabled
 Parallel Workers: 13
 Concurrent Workers: 3
 Concurrent Refinement Workers: 13
 Periodic GC: Disabled
Heap:
 garbage-first heap   total 227328K, used 74481K [0x0000000700c00000, 0x0000000800000000)
  region size 2048K, 14 young (28672K), 1 survivors (2048K)
 Metaspace       used 86778K, committed 87744K, reserved 1130496K
  class space    used 12342K, committed 12800K, reserved 1048576K
GC Heap History (20 events):
Event: 6.426 GC heap before
{Heap before GC invocations=13 (full 0):
 garbage-first heap   total 96256K, used 73002K [0x0000000700c00000, 0x0000000800000000)
  region size 2048K, 23 young (47104K), 2 survivors (4096K)
 Metaspace       used 63904K, committed 64512K, reserved 1105920K
  class space    used 9178K, committed 9472K, reserved 1048576K
}
Event: 6.430 GC heap after
{Heap after GC invocations=14 (full 0):
 garbage-first heap   total 96256K, used 32409K [0x0000000700c00000, 0x0000000800000000)
  region size 2048K, 3 young (6144K), 3 survivors (6144K)
 Metaspace       used 63904K, committed 64512K, reserved 1105920K
  class space    used 9178K, committed 9472K, reserved 1048576K
}
Event: 6.646 GC heap before
{Heap before GC invocations=14 (full 0):
 garbage-first heap   total 96256K, used 73369K [0x0000000700c00000, 0x0000000800000000)
  region size 2048K, 23 young (47104K), 3 survivors (6144K)
 Metaspace       used 64483K, committed 65088K, reserved 1105920K
  class space    used 9251K, committed 9536K, reserved 1048576K
}
Event: 6.649 GC heap after
{Heap after GC invocations=15 (full 0):
 garbage-first heap   total 96256K, used 33435K [0x0000000700c00000, 0x0000000800000000)
  region size 2048K, 2 young (4096K), 2 survivors (4096K)
 Metaspace       used 64483K, committed 65088K, reserved 1105920K
  class space    used 9251K, committed 9536K, reserved 1048576K
}
Event: 7.319 GC heap before
{Heap before GC invocations=15 (full 0):
 garbage-first heap   total 96256K, used 76443K [0x0000000700c00000, 0x0000000800000000)
  region size 2048K, 23 young (47104K), 2 survivors (4096K)
 Metaspace       used 69227K, committed 69952K, reserved 1114112K
  class space    used 9995K, committed 10304K, reserved 1048576K
}
Event: 7.324 GC heap after
{Heap after GC invocations=16 (full 0):
 garbage-first heap   total 96256K, used 37336K [0x0000000700c00000, 0x0000000800000000)
  region size 2048K, 3 young (6144K), 3 survivors (6144K)
 Metaspace       used 69227K, committed 69952K, reserved 1114112K
  class space    used 9995K, committed 10304K, reserved 1048576K
}
Event: 12.671 GC heap before
{Heap before GC invocations=16 (full 0):
 garbage-first heap   total 96256K, used 76248K [0x0000000700c00000, 0x0000000800000000)
  region size 2048K, 22 young (45056K), 3 survivors (6144K)
 Metaspace       used 73969K, committed 74816K, reserved 1114112K
  class space    used 10674K, committed 11072K, reserved 1048576K
}
Event: 12.678 GC heap after
{Heap after GC invocations=17 (full 0):
 garbage-first heap   total 96256K, used 42044K [0x0000000700c00000, 0x0000000800000000)
  region size 2048K, 3 young (6144K), 3 survivors (6144K)
 Metaspace       used 73969K, committed 74816K, reserved 1114112K
  class space    used 10674K, committed 11072K, reserved 1048576K
}
Event: 12.926 GC heap before
{Heap before GC invocations=17 (full 0):
 garbage-first heap   total 96256K, used 72764K [0x0000000700c00000, 0x0000000800000000)
  region size 2048K, 18 young (36864K), 3 survivors (6144K)
 Metaspace       used 76293K, committed 77248K, reserved 1122304K
  class space    used 10920K, committed 11392K, reserved 1048576K
}
Event: 12.930 GC heap after
{Heap after GC invocations=18 (full 0):
 garbage-first heap   total 96256K, used 46241K [0x0000000700c00000, 0x0000000800000000)
  region size 2048K, 3 young (6144K), 3 survivors (6144K)
 Metaspace       used 76293K, committed 77248K, reserved 1122304K
  class space    used 10920K, committed 11392K, reserved 1048576K
}
Event: 13.288 GC heap before
{Heap before GC invocations=18 (full 0):
 garbage-first heap   total 96256K, used 72865K [0x0000000700c00000, 0x0000000800000000)
  region size 2048K, 16 young (32768K), 3 survivors (6144K)
 Metaspace       used 77823K, committed 78976K, reserved 1122304K
  class space    used 11157K, committed 11712K, reserved 1048576K
}
Event: 13.292 GC heap after
{Heap after GC invocations=19 (full 0):
 garbage-first heap   total 96256K, used 47203K [0x0000000700c00000, 0x0000000800000000)
  region size 2048K, 2 young (4096K), 2 survivors (4096K)
 Metaspace       used 77823K, committed 78976K, reserved 1122304K
  class space    used 11157K, committed 11712K, reserved 1048576K
}
Event: 54.397 GC heap before
{Heap before GC invocations=19 (full 0):
 garbage-first heap   total 96256K, used 71779K [0x0000000700c00000, 0x0000000800000000)
  region size 2048K, 15 young (30720K), 2 survivors (4096K)
 Metaspace       used 80868K, committed 81984K, reserved 1122304K
  class space    used 11610K, committed 12160K, reserved 1048576K
}
Event: 54.402 GC heap after
{Heap after GC invocations=20 (full 0):
 garbage-first heap   total 96256K, used 49224K [0x0000000700c00000, 0x0000000800000000)
  region size 2048K, 1 young (2048K), 1 survivors (2048K)
 Metaspace       used 80868K, committed 81984K, reserved 1122304K
  class space    used 11610K, committed 12160K, reserved 1048576K
}
Event: 77.147 GC heap before
{Heap before GC invocations=21 (full 0):
 garbage-first heap   total 96256K, used 73800K [0x0000000700c00000, 0x0000000800000000)
  region size 2048K, 14 young (28672K), 1 survivors (2048K)
 Metaspace       used 85870K, committed 86848K, reserved 1130496K
  class space    used 12214K, committed 12672K, reserved 1048576K
}
Event: 77.151 GC heap after
{Heap after GC invocations=22 (full 0):
 garbage-first heap   total 96256K, used 51276K [0x0000000700c00000, 0x0000000800000000)
  region size 2048K, 2 young (4096K), 2 survivors (4096K)
 Metaspace       used 85870K, committed 86848K, reserved 1130496K
  class space    used 12214K, committed 12672K, reserved 1048576K
}
Event: 77.155 GC heap before
{Heap before GC invocations=22 (full 0):
 garbage-first heap   total 96256K, used 53324K [0x0000000700c00000, 0x0000000800000000)
  region size 2048K, 3 young (6144K), 2 survivors (4096K)
 Metaspace       used 85870K, committed 86848K, reserved 1130496K
  class space    used 12214K, committed 12672K, reserved 1048576K
}
Event: 77.164 GC heap after
{Heap after GC invocations=23 (full 0):
 garbage-first heap   total 96256K, used 49893K [0x0000000700c00000, 0x0000000800000000)
  region size 2048K, 1 young (2048K), 1 survivors (2048K)
 Metaspace       used 85870K, committed 86848K, reserved 1130496K
  class space    used 12214K, committed 12672K, reserved 1048576K
}
Event: 77.213 GC heap before
{Heap before GC invocations=23 (full 0):
 garbage-first heap   total 96256K, used 51941K [0x0000000700c00000, 0x0000000800000000)
  region size 2048K, 2 young (4096K), 1 survivors (2048K)
 Metaspace       used 86293K, committed 87296K, reserved 1130496K
  class space    used 12264K, committed 12736K, reserved 1048576K
}
Event: 77.217 GC heap after
{Heap after GC invocations=24 (full 0):
 garbage-first heap   total 227328K, used 49905K [0x0000000700c00000, 0x0000000800000000)
  region size 2048K, 1 young (2048K), 1 survivors (2048K)
 Metaspace       used 86293K, committed 87296K, reserved 1130496K
  class space    used 12264K, committed 12736K, reserved 1048576K
}

